<?xml version="1.0" encoding="UTF-8"?>
<testng-results ignored="1" total="2" passed="1" failed="0" skipped="0">
  <reporter-output>
  </reporter-output>
  <suite started-at="2022-05-10T08:11:04Z" name="Suite" finished-at="2022-05-10T08:11:04Z" duration-ms="130">
    <groups>
      <group name="regression">
        <method signature="ReadingDataFromCommandLineTest.regression()[pri:0, instance:MavenExample.ReadingDataFromCommandLineTest@54eb2b70]" name="regression" class="MavenExample.ReadingDataFromCommandLineTest"/>
      </group> <!-- regression -->
    </groups>
    <test started-at="2022-05-10T08:11:04Z" name="Test" finished-at="2022-05-10T08:11:04Z" duration-ms="130">
      <class name="MavenExample.ReadingDataFromCommandLineTest">
        <test-method signature="regression()[pri:0, instance:MavenExample.ReadingDataFromCommandLineTest@54eb2b70]" started-at="2022-05-10T08:11:04Z" name="regression" finished-at="2022-05-10T08:11:04Z" duration-ms="29" status="PASS">
          <reporter-output>
          </reporter-output>
        </test-method> <!-- regression -->
      </class> <!-- MavenExample.ReadingDataFromCommandLineTest -->
    </test> <!-- Test -->
  </suite> <!-- Suite -->
</testng-results>
